  Game.cpp
D:\_STUDY\CMU\_Y1T2\261102 Computer Programming\Project\CUBIC WAR\CUBIC WAR\CUBIC WAR\Game.cpp(72,107): warning C4244: 'argument': conversion from 'T' to 'T', possible loss of data
          with
          [
              T=int
          ]
          and
          [
              T=float
          ]
D:\_STUDY\CMU\_Y1T2\261102 Computer Programming\Project\CUBIC WAR\CUBIC WAR\CUBIC WAR\Game.cpp(72,72): warning C4244: 'argument': conversion from 'T' to 'T', possible loss of data
          with
          [
              T=int
          ]
          and
          [
              T=float
          ]
D:\_STUDY\CMU\_Y1T2\261102 Computer Programming\Project\CUBIC WAR\CUBIC WAR\CUBIC WAR\Game.cpp(84,108): warning C4244: 'argument': conversion from 'T' to 'T', possible loss of data
          with
          [
              T=int
          ]
          and
          [
              T=float
          ]
D:\_STUDY\CMU\_Y1T2\261102 Computer Programming\Project\CUBIC WAR\CUBIC WAR\CUBIC WAR\Game.cpp(84,73): warning C4244: 'argument': conversion from 'T' to 'T', possible loss of data
          with
          [
              T=int
          ]
          and
          [
              T=float
          ]
  CUBIC WAR.vcxproj -> D:\_STUDY\CMU\_Y1T2\261102 Computer Programming\Project\CUBIC WAR\CUBIC WAR\x64\Debug\CUBIC WAR.exe
